0 info it worked if it ends with ok
1 verbose cli [ 'C:\\Users\\Philippe\\AppData\\Local\\.meteor\\packages\\meteor-tool\\1.4.2_3\\mt-os.windows.x86_32\\dev_bundle\\bin\\node.exe',
1 verbose cli   'C:\\Users\\Philippe\\AppData\\Local\\.meteor\\packages\\meteor-tool\\1.4.2_3\\mt-os.windows.x86_32\\dev_bundle\\lib\\node_modules\\npm\\bin\\npm-cli.js',
1 verbose cli   'install',
1 verbose cli   'bcrypt' ]
2 info using npm@3.10.9
3 info using node@v4.6.2
4 silly loadCurrentTree Starting
5 silly install loadCurrentTree
6 silly install readLocalPackageData
7 silly fetchPackageMetaData bcrypt
8 silly fetchNamedPackageData bcrypt
9 silly mapToRegistry name bcrypt
10 silly mapToRegistry using default registry
11 silly mapToRegistry registry https://registry.npmjs.org/
12 silly mapToRegistry data Result {
12 silly mapToRegistry   raw: 'bcrypt',
12 silly mapToRegistry   scope: null,
12 silly mapToRegistry   escapedName: 'bcrypt',
12 silly mapToRegistry   name: 'bcrypt',
12 silly mapToRegistry   rawSpec: '',
12 silly mapToRegistry   spec: 'latest',
12 silly mapToRegistry   type: 'tag' }
13 silly mapToRegistry uri https://registry.npmjs.org/bcrypt
14 verbose request uri https://registry.npmjs.org/bcrypt
15 verbose request no auth needed
16 info attempt registry request try #1 at 17:40:14
17 verbose request id f4de1d8c634e9827
18 verbose etag W/"585d1ac9-15fcc"
19 verbose lastModified Fri, 23 Dec 2016 12:38:33 GMT
20 http request GET https://registry.npmjs.org/bcrypt
21 http 304 https://registry.npmjs.org/bcrypt
22 verbose headers { date: 'Fri, 23 Dec 2016 16:40:18 GMT',
22 verbose headers   via: '1.1 varnish',
22 verbose headers   'cache-control': 'max-age=300',
22 verbose headers   etag: 'W/"585d1ac9-15fcc"',
22 verbose headers   age: '134',
22 verbose headers   connection: 'keep-alive',
22 verbose headers   'x-served-by': 'cache-lhr6335-LHR',
22 verbose headers   'x-cache': 'HIT',
22 verbose headers   'x-cache-hits': '1',
22 verbose headers   'x-timer': 'S1482511218.056051,VS0,VE0',
22 verbose headers   vary: 'Accept-Encoding' }
23 silly get cb [ 304,
23 silly get   { date: 'Fri, 23 Dec 2016 16:40:18 GMT',
23 silly get     via: '1.1 varnish',
23 silly get     'cache-control': 'max-age=300',
23 silly get     etag: 'W/"585d1ac9-15fcc"',
23 silly get     age: '134',
23 silly get     connection: 'keep-alive',
23 silly get     'x-served-by': 'cache-lhr6335-LHR',
23 silly get     'x-cache': 'HIT',
23 silly get     'x-cache-hits': '1',
23 silly get     'x-timer': 'S1482511218.056051,VS0,VE0',
23 silly get     vary: 'Accept-Encoding' } ]
24 verbose etag https://registry.npmjs.org/bcrypt from cache
25 verbose get saving bcrypt to C:\Users\Philippe\AppData\Local\.meteor\packages\meteor-tool\1.4.2_3\mt-os.windows.x86_32\dev_bundle\.npm\registry.npmjs.org\bcrypt\.cache.json
26 verbose correctMkdir C:\Users\Philippe\AppData\Local\.meteor\packages\meteor-tool\1.4.2_3\mt-os.windows.x86_32\dev_bundle\.npm correctMkdir not in flight; initializing
27 silly install normalizeTree
28 silly loadCurrentTree Finishing
29 silly loadIdealTree Starting
30 silly install loadIdealTree
31 silly cloneCurrentTree Starting
32 silly install cloneCurrentTreeToIdealTree
33 silly cloneCurrentTree Finishing
34 silly loadShrinkwrap Starting
35 silly install loadShrinkwrap
36 silly loadShrinkwrap Finishing
37 silly loadAllDepsIntoIdealTree Starting
38 silly install loadAllDepsIntoIdealTree
39 silly resolveWithNewModule bcrypt@1.0.1 checking installable status
40 silly cache add args [ 'bcrypt', null ]
41 verbose cache add spec bcrypt
42 silly cache add parsed spec Result {
42 silly cache add   raw: 'bcrypt',
42 silly cache add   scope: null,
42 silly cache add   escapedName: 'bcrypt',
42 silly cache add   name: 'bcrypt',
42 silly cache add   rawSpec: '',
42 silly cache add   spec: 'latest',
42 silly cache add   type: 'tag' }
43 silly addNamed bcrypt@latest
44 verbose addNamed "latest" is being treated as a dist-tag for bcrypt
45 info addNameTag [ 'bcrypt', 'latest' ]
46 silly mapToRegistry name bcrypt
47 silly mapToRegistry using default registry
48 silly mapToRegistry registry https://registry.npmjs.org/
49 silly mapToRegistry data Result {
49 silly mapToRegistry   raw: 'bcrypt',
49 silly mapToRegistry   scope: null,
49 silly mapToRegistry   escapedName: 'bcrypt',
49 silly mapToRegistry   name: 'bcrypt',
49 silly mapToRegistry   rawSpec: '',
49 silly mapToRegistry   spec: 'latest',
49 silly mapToRegistry   type: 'tag' }
50 silly mapToRegistry uri https://registry.npmjs.org/bcrypt
51 verbose addNameTag registry:https://registry.npmjs.org/bcrypt not in flight; fetching
52 verbose get https://registry.npmjs.org/bcrypt not expired, no request
53 silly addNameTag next cb for bcrypt with tag latest
54 silly addNamed bcrypt@1.0.1
55 verbose addNamed "1.0.1" is a plain semver version for bcrypt
56 silly cache afterAdd bcrypt@1.0.1
57 verbose afterAdd C:\Users\Philippe\AppData\Local\.meteor\packages\meteor-tool\1.4.2_3\mt-os.windows.x86_32\dev_bundle\.npm\bcrypt\1.0.1\package\package.json not in flight; writing
58 verbose correctMkdir C:\Users\Philippe\AppData\Local\.meteor\packages\meteor-tool\1.4.2_3\mt-os.windows.x86_32\dev_bundle\.npm correctMkdir not in flight; initializing
59 verbose afterAdd C:\Users\Philippe\AppData\Local\.meteor\packages\meteor-tool\1.4.2_3\mt-os.windows.x86_32\dev_bundle\.npm\bcrypt\1.0.1\package\package.json written
60 silly loadAllDepsIntoIdealTree Finishing
61 silly loadIdealTree Finishing
62 silly currentTree MyChat@
62 silly currentTree +-- abbrev@1.0.9
62 silly currentTree +-- ansi-regex@2.0.0
62 silly currentTree +-- ansi-styles@2.2.1
62 silly currentTree +-- aproba@1.0.4
62 silly currentTree +-- are-we-there-yet@1.1.2
62 silly currentTree +-- asn1@0.2.3
62 silly currentTree +-- assert-plus@0.2.0
62 silly currentTree +-- asynckit@0.4.0
62 silly currentTree +-- aws-sign2@0.6.0
62 silly currentTree +-- aws4@1.5.0
62 silly currentTree +-- babel-runtime@6.18.0
62 silly currentTree +-- balanced-match@0.4.2
62 silly currentTree +-- bcrypt-pbkdf@1.0.0
62 silly currentTree +-- bindings@1.2.1
62 silly currentTree +-- block-stream@0.0.9
62 silly currentTree +-- boom@2.10.1
62 silly currentTree +-- brace-expansion@1.1.6
62 silly currentTree +-- buffer-shims@1.0.0
62 silly currentTree +-- caseless@0.11.0
62 silly currentTree +-- chalk@1.1.3
62 silly currentTree | `-- supports-color@2.0.0
62 silly currentTree +-- code-point-at@1.1.0
62 silly currentTree +-- combined-stream@1.0.5
62 silly currentTree +-- commander@2.9.0
62 silly currentTree +-- concat-map@0.0.1
62 silly currentTree +-- console-control-strings@1.1.0
62 silly currentTree +-- core-js@2.4.1
62 silly currentTree +-- core-util-is@1.0.2
62 silly currentTree +-- cryptiles@2.0.5
62 silly currentTree +-- dashdash@1.14.1
62 silly currentTree | `-- assert-plus@1.0.0
62 silly currentTree +-- debug@2.2.0
62 silly currentTree +-- deep-extend@0.4.1
62 silly currentTree +-- delayed-stream@1.0.0
62 silly currentTree +-- delegates@1.0.0
62 silly currentTree +-- ecc-jsbn@0.1.1
62 silly currentTree +-- escape-string-regexp@1.0.5
62 silly currentTree +-- extend@3.0.0
62 silly currentTree +-- extsprintf@1.0.2
62 silly currentTree +-- forever-agent@0.6.1
62 silly currentTree +-- form-data@2.1.2
62 silly currentTree +-- fs.realpath@1.0.0
62 silly currentTree +-- fstream-ignore@1.0.5
62 silly currentTree +-- fstream@1.0.10
62 silly currentTree +-- gauge@2.7.2
62 silly currentTree +-- generate-function@2.0.0
62 silly currentTree +-- generate-object-property@1.2.0
62 silly currentTree +-- getpass@0.1.6
62 silly currentTree | `-- assert-plus@1.0.0
62 silly currentTree +-- glob@7.1.1
62 silly currentTree +-- graceful-fs@4.1.11
62 silly currentTree +-- graceful-readlink@1.0.1
62 silly currentTree +-- har-validator@2.0.6
62 silly currentTree +-- has-ansi@2.0.0
62 silly currentTree +-- has-unicode@2.0.1
62 silly currentTree +-- hawk@3.1.3
62 silly currentTree +-- hoek@2.16.3
62 silly currentTree +-- http-signature@1.1.1
62 silly currentTree +-- inflight@1.0.6
62 silly currentTree +-- inherits@2.0.3
62 silly currentTree +-- ini@1.3.4
62 silly currentTree +-- is-fullwidth-code-point@1.0.0
62 silly currentTree +-- is-my-json-valid@2.15.0
62 silly currentTree +-- is-property@1.0.2
62 silly currentTree +-- is-typedarray@1.0.0
62 silly currentTree +-- isarray@1.0.0
62 silly currentTree +-- isstream@0.1.2
62 silly currentTree +-- jodid25519@1.0.2
62 silly currentTree +-- jsbn@0.1.0
62 silly currentTree +-- json-schema@0.2.3
62 silly currentTree +-- json-stringify-safe@5.0.1
62 silly currentTree +-- jsonpointer@4.0.1
62 silly currentTree +-- jsprim@1.3.1
62 silly currentTree +-- mime-db@1.25.0
62 silly currentTree +-- mime-types@2.1.13
62 silly currentTree +-- minimatch@3.0.3
62 silly currentTree +-- minimist@0.0.8
62 silly currentTree +-- mkdirp@0.5.1
62 silly currentTree +-- ms@0.7.1
62 silly currentTree +-- nan@2.3.5
62 silly currentTree +-- node-pre-gyp@0.6.30
62 silly currentTree +-- nopt@3.0.6
62 silly currentTree +-- npmlog@4.0.2
62 silly currentTree +-- number-is-nan@1.0.1
62 silly currentTree +-- oauth-sign@0.8.2
62 silly currentTree +-- object-assign@4.1.0
62 silly currentTree +-- once@1.4.0
62 silly currentTree +-- path-is-absolute@1.0.1
62 silly currentTree +-- pinkie-promise@2.0.1
62 silly currentTree +-- pinkie@2.0.4
62 silly currentTree +-- process-nextick-args@1.0.7
62 silly currentTree +-- punycode@1.4.1
62 silly currentTree +-- qs@6.3.0
62 silly currentTree +-- rc@1.1.6
62 silly currentTree | `-- minimist@1.2.0
62 silly currentTree +-- readable-stream@2.2.2
62 silly currentTree +-- regenerator-runtime@0.9.6
62 silly currentTree +-- request@2.79.0
62 silly currentTree +-- rimraf@2.5.4
62 silly currentTree +-- semver@5.3.0
62 silly currentTree +-- set-blocking@2.0.0
62 silly currentTree +-- signal-exit@3.0.2
62 silly currentTree +-- sntp@1.0.9
62 silly currentTree +-- sshpk@1.10.1
62 silly currentTree | `-- assert-plus@1.0.0
62 silly currentTree +-- string_decoder@0.10.31
62 silly currentTree +-- string-width@1.0.2
62 silly currentTree +-- stringstream@0.0.5
62 silly currentTree +-- strip-ansi@3.0.1
62 silly currentTree +-- strip-json-comments@1.0.4
62 silly currentTree +-- supports-color@0.2.0
62 silly currentTree +-- tar-pack@3.1.4
62 silly currentTree | +-- once@1.3.3
62 silly currentTree | `-- readable-stream@2.1.5
62 silly currentTree +-- tar@2.2.1
62 silly currentTree +-- tough-cookie@2.3.2
62 silly currentTree +-- tunnel-agent@0.4.3
62 silly currentTree +-- tweetnacl@0.14.5
62 silly currentTree +-- uid-number@0.0.6
62 silly currentTree +-- util-deprecate@1.0.2
62 silly currentTree +-- uuid@3.0.1
62 silly currentTree +-- verror@1.3.6
62 silly currentTree +-- wide-align@1.1.0
62 silly currentTree +-- wrappy@1.0.2
62 silly currentTree `-- xtend@4.0.1
63 silly idealTree MyChat@
63 silly idealTree +-- abbrev@1.0.9
63 silly idealTree +-- ansi-regex@2.0.0
63 silly idealTree +-- ansi-styles@2.2.1
63 silly idealTree +-- aproba@1.0.4
63 silly idealTree +-- are-we-there-yet@1.1.2
63 silly idealTree +-- asn1@0.2.3
63 silly idealTree +-- assert-plus@0.2.0
63 silly idealTree +-- asynckit@0.4.0
63 silly idealTree +-- aws-sign2@0.6.0
63 silly idealTree +-- aws4@1.5.0
63 silly idealTree +-- babel-runtime@6.18.0
63 silly idealTree +-- balanced-match@0.4.2
63 silly idealTree +-- bcrypt-pbkdf@1.0.0
63 silly idealTree +-- bcrypt@1.0.1
63 silly idealTree +-- bindings@1.2.1
63 silly idealTree +-- block-stream@0.0.9
63 silly idealTree +-- boom@2.10.1
63 silly idealTree +-- brace-expansion@1.1.6
63 silly idealTree +-- buffer-shims@1.0.0
63 silly idealTree +-- caseless@0.11.0
63 silly idealTree +-- chalk@1.1.3
63 silly idealTree | `-- supports-color@2.0.0
63 silly idealTree +-- code-point-at@1.1.0
63 silly idealTree +-- combined-stream@1.0.5
63 silly idealTree +-- commander@2.9.0
63 silly idealTree +-- concat-map@0.0.1
63 silly idealTree +-- console-control-strings@1.1.0
63 silly idealTree +-- core-js@2.4.1
63 silly idealTree +-- core-util-is@1.0.2
63 silly idealTree +-- cryptiles@2.0.5
63 silly idealTree +-- dashdash@1.14.1
63 silly idealTree | `-- assert-plus@1.0.0
63 silly idealTree +-- debug@2.2.0
63 silly idealTree +-- deep-extend@0.4.1
63 silly idealTree +-- delayed-stream@1.0.0
63 silly idealTree +-- delegates@1.0.0
63 silly idealTree +-- ecc-jsbn@0.1.1
63 silly idealTree +-- escape-string-regexp@1.0.5
63 silly idealTree +-- extend@3.0.0
63 silly idealTree +-- extsprintf@1.0.2
63 silly idealTree +-- forever-agent@0.6.1
63 silly idealTree +-- form-data@2.1.2
63 silly idealTree +-- fs.realpath@1.0.0
63 silly idealTree +-- fstream-ignore@1.0.5
63 silly idealTree +-- fstream@1.0.10
63 silly idealTree +-- gauge@2.7.2
63 silly idealTree +-- generate-function@2.0.0
63 silly idealTree +-- generate-object-property@1.2.0
63 silly idealTree +-- getpass@0.1.6
63 silly idealTree | `-- assert-plus@1.0.0
63 silly idealTree +-- glob@7.1.1
63 silly idealTree +-- graceful-fs@4.1.11
63 silly idealTree +-- graceful-readlink@1.0.1
63 silly idealTree +-- har-validator@2.0.6
63 silly idealTree +-- has-ansi@2.0.0
63 silly idealTree +-- has-unicode@2.0.1
63 silly idealTree +-- hawk@3.1.3
63 silly idealTree +-- hoek@2.16.3
63 silly idealTree +-- http-signature@1.1.1
63 silly idealTree +-- inflight@1.0.6
63 silly idealTree +-- inherits@2.0.3
63 silly idealTree +-- ini@1.3.4
63 silly idealTree +-- is-fullwidth-code-point@1.0.0
63 silly idealTree +-- is-my-json-valid@2.15.0
63 silly idealTree +-- is-property@1.0.2
63 silly idealTree +-- is-typedarray@1.0.0
63 silly idealTree +-- isarray@1.0.0
63 silly idealTree +-- isstream@0.1.2
63 silly idealTree +-- jodid25519@1.0.2
63 silly idealTree +-- jsbn@0.1.0
63 silly idealTree +-- json-schema@0.2.3
63 silly idealTree +-- json-stringify-safe@5.0.1
63 silly idealTree +-- jsonpointer@4.0.1
63 silly idealTree +-- jsprim@1.3.1
63 silly idealTree +-- mime-db@1.25.0
63 silly idealTree +-- mime-types@2.1.13
63 silly idealTree +-- minimatch@3.0.3
63 silly idealTree +-- minimist@0.0.8
63 silly idealTree +-- mkdirp@0.5.1
63 silly idealTree +-- ms@0.7.1
63 silly idealTree +-- nan@2.3.5
63 silly idealTree +-- node-pre-gyp@0.6.30
63 silly idealTree +-- nopt@3.0.6
63 silly idealTree +-- npmlog@4.0.2
63 silly idealTree +-- number-is-nan@1.0.1
63 silly idealTree +-- oauth-sign@0.8.2
63 silly idealTree +-- object-assign@4.1.0
63 silly idealTree +-- once@1.4.0
63 silly idealTree +-- path-is-absolute@1.0.1
63 silly idealTree +-- pinkie-promise@2.0.1
63 silly idealTree +-- pinkie@2.0.4
63 silly idealTree +-- process-nextick-args@1.0.7
63 silly idealTree +-- punycode@1.4.1
63 silly idealTree +-- qs@6.3.0
63 silly idealTree +-- rc@1.1.6
63 silly idealTree | `-- minimist@1.2.0
63 silly idealTree +-- readable-stream@2.2.2
63 silly idealTree +-- regenerator-runtime@0.9.6
63 silly idealTree +-- request@2.79.0
63 silly idealTree +-- rimraf@2.5.4
63 silly idealTree +-- semver@5.3.0
63 silly idealTree +-- set-blocking@2.0.0
63 silly idealTree +-- signal-exit@3.0.2
63 silly idealTree +-- sntp@1.0.9
63 silly idealTree +-- sshpk@1.10.1
63 silly idealTree | `-- assert-plus@1.0.0
63 silly idealTree +-- string_decoder@0.10.31
63 silly idealTree +-- string-width@1.0.2
63 silly idealTree +-- stringstream@0.0.5
63 silly idealTree +-- strip-ansi@3.0.1
63 silly idealTree +-- strip-json-comments@1.0.4
63 silly idealTree +-- supports-color@0.2.0
63 silly idealTree +-- tar-pack@3.1.4
63 silly idealTree | +-- once@1.3.3
63 silly idealTree | `-- readable-stream@2.1.5
63 silly idealTree +-- tar@2.2.1
63 silly idealTree +-- tough-cookie@2.3.2
63 silly idealTree +-- tunnel-agent@0.4.3
63 silly idealTree +-- tweetnacl@0.14.5
63 silly idealTree +-- uid-number@0.0.6
63 silly idealTree +-- util-deprecate@1.0.2
63 silly idealTree +-- uuid@3.0.1
63 silly idealTree +-- verror@1.3.6
63 silly idealTree +-- wide-align@1.1.0
63 silly idealTree +-- wrappy@1.0.2
63 silly idealTree `-- xtend@4.0.1
64 silly generateActionsToTake Starting
65 silly install generateActionsToTake
66 silly generateActionsToTake Finishing
67 silly diffTrees action count 1
68 silly diffTrees add bcrypt@1.0.1
69 silly decomposeActions action count 8
70 silly decomposeActions fetch bcrypt@1.0.1
71 silly decomposeActions extract bcrypt@1.0.1
72 silly decomposeActions test bcrypt@1.0.1
73 silly decomposeActions preinstall bcrypt@1.0.1
74 silly decomposeActions build bcrypt@1.0.1
75 silly decomposeActions install bcrypt@1.0.1
76 silly decomposeActions postinstall bcrypt@1.0.1
77 silly decomposeActions finalize bcrypt@1.0.1
78 silly runTopLevelLifecycles Starting
79 silly executeActions Starting
80 silly install executeActions
81 silly doSerial global-install 0
82 silly doParallel fetch 1
83 verbose correctMkdir C:\Users\Philippe\AppData\Local\.meteor\packages\meteor-tool\1.4.2_3\mt-os.windows.x86_32\dev_bundle\.npm\_locks correctMkdir not in flight; initializing
84 verbose lock using C:\Users\Philippe\AppData\Local\.meteor\packages\meteor-tool\1.4.2_3\mt-os.windows.x86_32\dev_bundle\.npm\_locks\staging-ec0b0924acebfd15.lock for C:\Users\Philippe\Desktop\MyChat\node_modules\.staging
85 silly doParallel extract 1
86 silly extract bcrypt@1.0.1
87 verbose unbuild node_modules\.staging\bcrypt-b27980b2
88 silly gentlyRm C:\Users\Philippe\Desktop\MyChat\node_modules\.staging\bcrypt-b27980b2 is being purged from base C:\Users\Philippe\Desktop\MyChat
89 verbose gentlyRm don't care about contents; nuking C:\Users\Philippe\Desktop\MyChat\node_modules\.staging\bcrypt-b27980b2
90 verbose tar unpack C:\Users\Philippe\AppData\Local\.meteor\packages\meteor-tool\1.4.2_3\mt-os.windows.x86_32\dev_bundle\.npm\bcrypt\1.0.1\package.tgz
91 verbose tar unpacking to C:\Users\Philippe\Desktop\MyChat\node_modules\.staging\bcrypt-b27980b2
92 silly gentlyRm C:\Users\Philippe\Desktop\MyChat\node_modules\.staging\bcrypt-b27980b2 is being purged
93 verbose gentlyRm don't care about contents; nuking C:\Users\Philippe\Desktop\MyChat\node_modules\.staging\bcrypt-b27980b2
94 silly gunzTarPerm modes [ '777', '666' ]
95 silly gunzTarPerm extractEntry package.json
96 silly gunzTarPerm modified mode [ 'package.json', 420, 438 ]
97 silly gunzTarPerm extractEntry .npmignore
98 silly gunzTarPerm modified mode [ '.npmignore', 420, 438 ]
99 silly gunzTarPerm extractEntry README.md
100 silly gunzTarPerm modified mode [ 'README.md', 420, 438 ]
101 silly gunzTarPerm extractEntry LICENSE
102 silly gunzTarPerm modified mode [ 'LICENSE', 420, 438 ]
103 silly gunzTarPerm extractEntry bcrypt.js
104 silly gunzTarPerm modified mode [ 'bcrypt.js', 420, 438 ]
105 silly gunzTarPerm extractEntry Makefile
106 silly gunzTarPerm modified mode [ 'Makefile', 420, 438 ]
107 silly gunzTarPerm extractEntry .travis.yml
108 silly gunzTarPerm modified mode [ '.travis.yml', 420, 438 ]
109 silly gunzTarPerm extractEntry appveyor.yml
110 silly gunzTarPerm modified mode [ 'appveyor.yml', 420, 438 ]
111 silly gunzTarPerm extractEntry CHANGELOG.md
112 silly gunzTarPerm modified mode [ 'CHANGELOG.md', 420, 438 ]
113 silly gunzTarPerm extractEntry binding.gyp
114 silly gunzTarPerm modified mode [ 'binding.gyp', 420, 438 ]
115 silly gunzTarPerm extractEntry examples/async_compare.js
116 silly gunzTarPerm modified mode [ 'examples/async_compare.js', 420, 438 ]
117 silly gunzTarPerm extractEntry examples/forever_gen_salt.js
118 silly gunzTarPerm modified mode [ 'examples/forever_gen_salt.js', 420, 438 ]
119 silly gunzTarPerm extractEntry lib/promises.js
120 silly gunzTarPerm modified mode [ 'lib/promises.js', 420, 438 ]
121 silly gunzTarPerm extractEntry test/async.js
122 silly gunzTarPerm modified mode [ 'test/async.js', 420, 438 ]
123 silly gunzTarPerm extractEntry test/promise.js
124 silly gunzTarPerm modified mode [ 'test/promise.js', 420, 438 ]
125 silly gunzTarPerm extractEntry test/repetitions.js
126 silly gunzTarPerm modified mode [ 'test/repetitions.js', 420, 438 ]
127 silly gunzTarPerm extractEntry test/sync.js
128 silly gunzTarPerm modified mode [ 'test/sync.js', 420, 438 ]
129 silly gunzTarPerm extractEntry ISSUE_TEMPLATE.md
130 silly gunzTarPerm modified mode [ 'ISSUE_TEMPLATE.md', 420, 438 ]
131 silly gunzTarPerm extractEntry src/bcrypt.cc
132 silly gunzTarPerm modified mode [ 'src/bcrypt.cc', 420, 438 ]
133 silly gunzTarPerm extractEntry src/bcrypt_node.cc
134 silly gunzTarPerm modified mode [ 'src/bcrypt_node.cc', 420, 438 ]
135 silly gunzTarPerm extractEntry src/blowfish.cc
136 silly gunzTarPerm modified mode [ 'src/blowfish.cc', 420, 438 ]
137 silly gunzTarPerm extractEntry src/node_blf.h
138 silly gunzTarPerm modified mode [ 'src/node_blf.h', 420, 438 ]
139 silly gunzTarPerm extractEntry werker.yml
140 silly gunzTarPerm modified mode [ 'werker.yml', 420, 438 ]
141 silly gentlyRm C:\Users\Philippe\Desktop\MyChat\node_modules\.staging\bcrypt-b27980b2\node_modules is being purged
142 verbose gentlyRm don't care about contents; nuking C:\Users\Philippe\Desktop\MyChat\node_modules\.staging\bcrypt-b27980b2\node_modules
143 silly doParallel preinstall 1
144 silly preinstall bcrypt@1.0.1 C:\Users\Philippe\Desktop\MyChat\node_modules\.staging\bcrypt-b27980b2
145 info lifecycle bcrypt@1.0.1~preinstall: bcrypt@1.0.1
146 silly lifecycle bcrypt@1.0.1~preinstall: no script for preinstall, continuing
147 silly doReverseSerial remove 0
148 silly doSerial move 0
149 silly doSerial finalize 1
150 silly finalize C:\Users\Philippe\Desktop\MyChat\node_modules\bcrypt
151 silly doSerial build 1
152 silly build bcrypt@1.0.1
153 info linkStuff bcrypt@1.0.1
154 silly linkStuff bcrypt@1.0.1 has C:\Users\Philippe\Desktop\MyChat\node_modules as its parent node_modules
155 verbose linkBins bcrypt@1.0.1
156 verbose linkMans bcrypt@1.0.1
157 silly doSerial global-link 0
158 silly doParallel update-linked 0
159 silly doSerial install 1
160 silly install bcrypt@1.0.1 C:\Users\Philippe\Desktop\MyChat\node_modules\.staging\bcrypt-b27980b2
161 info lifecycle bcrypt@1.0.1~install: bcrypt@1.0.1
162 verbose lifecycle bcrypt@1.0.1~install: unsafe-perm in lifecycle true
163 verbose lifecycle bcrypt@1.0.1~install: PATH: C:\Users\Philippe\AppData\Local\.meteor\packages\meteor-tool\1.4.2_3\mt-os.windows.x86_32\dev_bundle\lib\node_modules\npm\bin\node-gyp-bin;C:\Users\Philippe\Desktop\MyChat\node_modules\bcrypt\node_modules\.bin;C:\Users\Philippe\Desktop\MyChat\node_modules\.bin;C:\Users\Philippe\AppData\Local\.meteor\packages\meteor-tool\1.4.2_3\mt-os.windows.x86_32\dev_bundle\bin;C:\Users\Philippe\AppData\Local\.meteor\packages\meteor-tool\1.4.2_3\mt-os.windows.x86_32\dev_bundle\lib\node_modules\.bin;C:\Program Files (x86)\NVIDIA Corporation\PhysX\Common;C:\ProgramData\Oracle\Java\javapath;C:\Program Files (x86)\Intel\iCLS Client\;C:\Program Files\Intel\iCLS Client\;C:\WINDOWS\system32;C:\WINDOWS;C:\WINDOWS\System32\Wbem;C:\WINDOWS\System32\WindowsPowerShell\v1.0\;C:\Program Files\Intel\Intel(R) Management Engine Components\DAL;C:\Program Files (x86)\Intel\Intel(R) Management Engine Components\DAL;C:\Program Files\Intel\Intel(R) Management Engine Components\IPT;C:\Program Files (x86)\Intel\Intel(R) Management Engine Components\IPT;C:\Program Files\Intel\WiFi\bin\;C:\Program Files\Common Files\Intel\WirelessCommon\;C:\Users\Philippe\.dnx\bin;C:\Program Files\Microsoft DNX\Dnvm\;C:\Program Files\Microsoft SQL Server\Client SDK\ODBC\110\Tools\Binn\;C:\Program Files (x86)\Microsoft SQL Server\120\Tools\Binn\;C:\Program Files\Microsoft SQL Server\120\Tools\Binn\;C:\Program Files\Microsoft SQL Server\120\DTS\Binn\;C:\Program Files (x86)\Microsoft SQL Server\120\Tools\Binn\ManagementStudio\;C:\Program Files (x86)\Microsoft SQL Server\120\DTS\Binn\;C:\Program Files (x86)\Skype\Phone\;C:\Program Files (x86)\MySQL\MySQL Fabric 1.5 & MySQL Utilities 1.5\;C:\Program Files (x86)\MySQL\MySQL Fabric 1.5 & MySQL Utilities 1.5\Doctrine extensions for PHP\;C:\Program Files\nodejs\;C:\Program Files (x86)\GitExtensions\;C:\RailsInstaller\Git\cmd;C:\RailsInstaller\Ruby2.1.0\bin;C:\Users\Philippe\AppData\Roaming\npm;C:\Users\Philippe\AppData\Local\atom\bin;C:\wamp\bin\php\php5.5.12;C:\Program Files\Git\mingw64\bin;C:\Users\Philippe\AppData\Local\Microsoft\WindowsApps;C:\Users\Philippe\AppData\Local\.meteor\
164 verbose lifecycle bcrypt@1.0.1~install: CWD: C:\Users\Philippe\Desktop\MyChat\node_modules\bcrypt
165 silly lifecycle bcrypt@1.0.1~install: Args: [ '/d /s /c', 'node-pre-gyp install --fallback-to-build' ]
166 silly lifecycle bcrypt@1.0.1~install: Returned: code: 1  signal: null
167 info lifecycle bcrypt@1.0.1~install: Failed to exec install script
168 verbose unlock done using C:\Users\Philippe\AppData\Local\.meteor\packages\meteor-tool\1.4.2_3\mt-os.windows.x86_32\dev_bundle\.npm\_locks\staging-ec0b0924acebfd15.lock for C:\Users\Philippe\Desktop\MyChat\node_modules\.staging
169 silly rollbackFailedOptional Starting
170 silly rollbackFailedOptional Finishing
171 silly runTopLevelLifecycles Finishing
172 silly install printInstalled
173 verbose stack Error: bcrypt@1.0.1 install: `node-pre-gyp install --fallback-to-build`
173 verbose stack Exit status 1
173 verbose stack     at EventEmitter.<anonymous> (C:\Users\Philippe\AppData\Local\.meteor\packages\meteor-tool\1.4.2_3\mt-os.windows.x86_32\dev_bundle\lib\node_modules\npm\lib\utils\lifecycle.js:255:16)
173 verbose stack     at emitTwo (events.js:87:13)
173 verbose stack     at EventEmitter.emit (events.js:172:7)
173 verbose stack     at ChildProcess.<anonymous> (C:\Users\Philippe\AppData\Local\.meteor\packages\meteor-tool\1.4.2_3\mt-os.windows.x86_32\dev_bundle\lib\node_modules\npm\lib\utils\spawn.js:40:14)
173 verbose stack     at emitTwo (events.js:87:13)
173 verbose stack     at ChildProcess.emit (events.js:172:7)
173 verbose stack     at maybeClose (internal/child_process.js:854:16)
173 verbose stack     at Process.ChildProcess._handle.onexit (internal/child_process.js:222:5)
174 verbose pkgid bcrypt@1.0.1
175 verbose cwd C:\Users\Philippe\Desktop\MyChat
176 error Windows_NT 10.0.14393
177 error argv "C:\\Users\\Philippe\\AppData\\Local\\.meteor\\packages\\meteor-tool\\1.4.2_3\\mt-os.windows.x86_32\\dev_bundle\\bin\\node.exe" "C:\\Users\\Philippe\\AppData\\Local\\.meteor\\packages\\meteor-tool\\1.4.2_3\\mt-os.windows.x86_32\\dev_bundle\\lib\\node_modules\\npm\\bin\\npm-cli.js" "install" "bcrypt"
178 error node v4.6.2
179 error npm  v3.10.9
180 error code ELIFECYCLE
181 error bcrypt@1.0.1 install: `node-pre-gyp install --fallback-to-build`
181 error Exit status 1
182 error Failed at the bcrypt@1.0.1 install script 'node-pre-gyp install --fallback-to-build'.
182 error Make sure you have the latest version of node.js and npm installed.
182 error If you do, this is most likely a problem with the bcrypt package,
182 error not with npm itself.
182 error Tell the author that this fails on your system:
182 error     node-pre-gyp install --fallback-to-build
182 error You can get information on how to open an issue for this project with:
182 error     npm bugs bcrypt
182 error Or if that isn't available, you can get their info via:
182 error     npm owner ls bcrypt
182 error There is likely additional logging output above.
183 verbose exit [ 1, true ]
